This is CTeX, NeXT Version 3.1a (format=lplain 91.6.10)  6 MAY 1992 00:04
**thesis
(thesis.tex
LaTeX Version 2.09 <7 Dec 1989>
(/usr/lib/tex/inputs/report.sty
Document Style `report' <13 Nov 89>.
(/usr/lib/tex/inputs/rep12.sty)
\descriptionmargin=\dimen99
\c@part=\count78
\c@chapter=\count79
\c@section=\count80
\c@subsection=\count81
\c@subsubsection=\count82
\c@paragraph=\count83
\c@subparagraph=\count84
\c@figure=\count85
\c@table=\count86
 (/usr/lib/tex/inputs/titlepage.sty))
(thesis.sty

Thesis style file for the University of Illinois
 created by Fred Richards, 1990

) (refs.sty
\bibindent=\dimen100
) (epsf.tex
\epsffilein=\read0
\epsfxsize=\dimen101
\epsfysize=\dimen102
\epsftsize=\dimen103
\epsfrsize=\dimen104
\pspoints=\dimen105
) (thesis.aux (abstract.aux) (chapter1.aux)
(chapter2.aux) (chapter3.aux) (chapter4.aux) (chapter5.aux) (chapter6.aux)
(chapter7.aux) (appendix.aux) (appendix2.aux) (references.aux)) [2

] (misc.tex
\c@theorem=\count87
\c@definition=\count88
)
(abstract.tex

Compiling abstract.tex
[3

]) (thesis.toc [4


] [5])
\tf@toc=\write3
 [6] (chapter1.tex

Compiling chapter1.tex
[1


] [2]) [3] (chapter2.tex

Compiling chapter2.tex

Overfull \hbox (1.08661pt too wide) in paragraph at lines 17--32
[]\twlrm The smooth-ness ar-gu-ments were also used by Wein-berger, who started
 with Eigen's

\hbox(8.33331+2.33331)x433.62, glue set - 1.0
.\hbox(0.0+0.0)x17.62482
.\twlrm T
.\twlrm h
.\twlrm e
.\glue 3.91663 plus 1.95831 minus 1.30554
.etc.

[4



] [5] [6]) [7] (chapter3.tex

Compiling chapter3.tex
[8



] [9] [10] [11] [12] [13] [14] [15] [16] [17] [18]
Overfull \hbox (3.15852pt too wide) detected at line 376
[]\twlmi w[] \twlrm = 3[] [][] []\twlmi :

\hbox(19.15561+13.93338)x433.62
.\hbox(0.0+0.0)x0.0
.\twlmi w
.\hbox(6.0+2.0)x54.57649, shifted 1.86668
..\egtrm (
..\egtmi j
..\hbox(3.86665+0.0)x4.16661, shifted 1.1111
...\sixrm 1
..\egtmi ;
..\egtmi j
..etc.
.\glue(\thickmuskip) 3.33328 plus 3.33328
.\twlrm =
.etc.

[19] Height is 311.20096pt [20] Height is 311.20096pt [21] [22] [23] [24]
[25] [26] [27] Height is 506.93687pt) [28] [29] (chapter4.tex

Compiling chapter4.tex
[30



] [31] [32]) [33] (chapter5.tex

Compiling chapter5.tex
[34



] [35] [36]
Overfull \hbox (23.67456pt too wide) in paragraph at lines 64--65
[] []\twlit Define the gen-er-al-ized Hadamard

\hbox(9.0+3.0)x433.62, glue set - 1.0
.\hbox(0.0+0.0)x17.62482
.\glue -17.62482
.\hbox(9.0+3.0)x292.10968
..\glue 0.0
..\glue 0.0
..\glue -5.87494
..\hbox(9.0+3.0)x292.10968
...\glue 5.87494
...\twlbf D
...\twlbf e
...\twlbf ^^L (ligature fi)
...\twlbf n
...etc.
..\glue 5.87494
.\penalty 0
.\twlit D
.etc.

[37] [38]
Overfull \hbox (2.34444pt too wide) in paragraph at lines 156--159
\twlbf Example  \twlrm Let us re-peat the above cal-cu-la-tions for the com-pe-
ti-tion par-ti-tion $(\twlmi F; D; F\twlrm )$: 

\hbox(9.0+3.0)x433.62, glue set - 1.0
.\twlbf E
.\twlbf x
.\twlbf a
.\twlbf m
.\twlbf p
.etc.

[39] [40]
Overfull \hbox (8.6827pt too wide) in paragraph at lines 204--208
\twlrm which are the de-cep-tive con-di-tions cor-re-spond-ing to the com-pe-ti
-tion par-ti-tion $(\twlmi F; D; F\twlrm )$.

\hbox(9.0+3.0)x433.62, glue set - 1.0
.\twlrm w
.\twlrm h
.\twlrm i
.\twlrm c
.\kern-0.32639
.etc.


Underfull \hbox (badness 10000) in paragraph at lines 204--208


\hbox(0.0+0.0)x433.62
.\glue(\rightskip) 0.0

) [41] (chapter6.tex

Compiling chapter6.tex
[42



] [43] [44] [45] [46]) [47] (chapter7.tex

Compiling chapter7.tex
[48



] [49]) [50] (appendix.tex

Compiling appendix.tex

Overfull \hbox (27.20847pt too wide) in paragraph at lines 7--7
[]\svtnbf Generalized Walsh Func-tions Over k-ary Strings 

\hbox(12.0+3.36)x433.62, glue set - 1.0
.\hbox(11.856+0.0)x50.3517
..\glue 0.0
..\svtnbf A
..\svtnbf .
..\svtnbf 1
..\glue 19.87189
.\svtnbf G
.\svtnbf e
.\svtnbf n
.\svtnbf e
.etc.

[51



] [52]
Overfull \hbox (29.50523pt too wide) in paragraph at lines 78--78
[]        \twltt Nest[ Function[z,Table[E^-(2 Pi I j x/k),{j,0,k-1},{x,0,k-1}].
z] /@[] 

\hbox(8.33331+2.66666)x433.62
.\hbox(0.0+0.0)x0.0
.\penalty 10000
.\glue 6.175
.\penalty 10000
.\glue 6.175
.etc.

[53]
Overfull \hbox (23.33023pt too wide) in paragraph at lines 78--78
[]        \twltt Nest[ Function[z,Table[E^(2 Pi I j x/k),{j,0,k-1},{x,0,k-1}].z
] /@[] 

\hbox(8.33331+2.66666)x433.62
.\hbox(0.0+0.0)x0.0
.\penalty 10000
.\glue 6.175
.\penalty 10000
.\glue 6.175
.etc.

[54]
Overfull \hbox (8.46465pt too wide) in paragraph at lines 108--108
[]\svtnbf Generalized Fast Walsh Trans-form Over More

\hbox(12.0+0.0)x433.62, glue set - 1.0
.\hbox(11.856+0.0)x50.3517
..\glue 0.0
..\svtnbf A
..\svtnbf .
..\svtnbf 4
..\glue 19.87189
.\svtnbf G
.\svtnbf e
.\svtnbf n
.\svtnbf e
.etc.

[55]
Overfull \hbox (29.50523pt too wide) in paragraph at lines 127--127
[]        \twltt Function[z, Table[E^-(2 Pi I i j/#2),{i,0,#2-1},{j,0,#2-1}] . 
z] /@[] 

\hbox(8.33331+2.66666)x433.62
.\hbox(0.0+0.0)x0.0
.\penalty 10000
.\glue 6.175
.\penalty 10000
.\glue 6.175
.etc.


Overfull \hbox (23.33023pt too wide) in paragraph at lines 127--127
[]        \twltt Function[z, Table[E^(2 Pi I i j/#2),{i,0,#2-1},{j,0,#2-1}] . z
] /@[] 

\hbox(8.33331+2.66666)x433.62
.\hbox(0.0+0.0)x0.0
.\penalty 10000
.\glue 6.175
.\penalty 10000
.\glue 6.175
.etc.

[56]
Overfull \hbox (17.15523pt too wide) in paragraph at lines 149--149
[]\twltt Out[4]= {1.28821, -0.000998969 + 0.0350975 I, -0.000998969 - 0.0350975
 I,[] 

\hbox(8.33331+1.66667)x433.62
.\hbox(0.0+0.0)x0.0
.\twltt O
.\twltt u
.\twltt t
.\twltt [
.etc.

[57] [58] [59] [60]
Overfull \hbox (27.42212pt too wide) in paragraph at lines 227--227
[]\svtnbf Determining De-cep-tion Us-ing Hadamard Trans-

\hbox(12.0+3.36)x433.62, glue set - 1.0
.\hbox(11.856+0.0)x50.3517
..\glue 0.0
..\svtnbf A
..\svtnbf .
..\svtnbf 7
..\glue 19.87189
.\svtnbf D
.\svtnbf e
.\svtnbf t
.\svtnbf e
.etc.

[61]
Overfull \hbox (2.02467pt too wide) in paragraph at lines 264--267
\twlbf Example  \twlrm Now we con-sider the above func-tion over the com-pe-ti-
tion par-ti-tion (F,F,D). 

\hbox(9.0+3.0)x433.62, glue set - 1.0
.\twlbf E
.\twlbf x
.\twlbf a
.\twlbf m
.\twlbf p
.etc.

[62] [63] [64] [65] [66] [67]) [68] (appendix2.tex

Compiling appendix2.tex
[69



] [70] [71] [72]) [73] (references.tex

Compiling references.tex
[74


] [75] [76] [77] [78] [79] [80]) [81] (thesis.aux (abstract.aux)
(chapter1.aux) (chapter2.aux) (chapter3.aux) (chapter4.aux) (chapter5.aux)
(chapter6.aux) (chapter7.aux) (appendix.aux) (appendix2.aux) (references.aux)) 
) 
Here is how much of TeX's memory you used:
 547 strings out of 4464
 4698 string characters out of 63276
 40125 words of memory out of 262141
 2281 multiletter control sequences out of 9500
 19605 words of font info for 74 fonts, out of 72000 for 255
 16 hyphenation exceptions out of 607
 17i,12n,17p,232b,213s stack positions out of 300i,40n,60p,3000b,2000s

Output written on thesis.dvi (86 pages, 146660 bytes).
